Arguments: 
  C:\Program Files\nodejs\node.exe C:\Program Files (x86)\Yarn\bin\yarn.js add chart.js

PATH: 
  C:\Python38\Scripts\;C:\Python38\;C:\Python27\;C:\Python27\Scripts;C:\Program Files (x86)\Common Files\Oracle\Java\javapath;C:\WINDOWS\system32;C:\WINDOWS;C:\WINDOWS\System32\Wbem;C:\WINDOWS\System32\WindowsPowerShell\v1.0\;c:\Program Files (x86)\Microsoft SQL Server\100\Tools\Binn\;c:\Program Files\Microsoft SQL Server\100\Tools\Binn\;c:\Program Files\Microsoft SQL Server\100\DTS\Binn\;C:\Program Files (x86)\dotnet\;C:\WINDOWS\System32\OpenSSH\;C:\Program Files\dotnet\;C:\Program Files\Microsoft SQL Server\130\Tools\Binn\;C:\ProgramData\chocolatey\bin;C:\Program Files\Git\cmd;C:\Program Files (x86)\Yarn\bin\;C:\Program Files\nodejs\;C:\xampp\php;C:\xampp\php\php.exe;C:\Program Files\MySQL\MySQL Shell 8.0\bin\;C:\Users\HP\AppData\Local\Programs\Python\Python37-32\Scripts\;C:\Users\HP\AppData\Local\Programs\Python\Python37-32\;C:\Users\HP\AppData\Local\Microsoft\WindowsApps;;C:\Users\HP\.dotnet\tools;C:\Users\HP\AppData\Local\Microsoft\WindowsApps;C:\Users\HP\AppData\Local\Programs\Microsoft VS Code\bin;C:\xampp\php;C:\Users\HP\AppData\Local\ComposerSetup\bin;C:\Users\HP\AppData\Roaming\Composer\vendor\bin;C:\Users\HP\AppData\Local\Yarn\bin;C:\Users\HP\AppData\Roaming\npm

Yarn version: 
  1.22.5

Node version: 
  12.18.4

Platform: 
  win32 x64

Trace: 
  Error: ENOENT: no such file or directory, copyfile 'C:\Users\HP\AppData\Local\Yarn\Cache\v6\npm-moment-2.29.1-b2be769fa31940be9eeea6469c075e35006fa3d3-integrity\node_modules\moment\dist\locale\tzl.js' -> 'C:\xampp\htdocs\alberto_CV\Petox03.github.io 2.0\node_modules\moment\dist\locale\tzl.js'

npm manifest: 
  {
    "dependencies": {
      "@popperjs/core": "^2.5.4",
      "animate.css": "^4.1.1",
      "bootstrap": "^5.0.0-beta2",
      "bootstrap-icons": "^1.2.1",
      "jquery": "^3.5.1",
      "normalize.css": "^8.0.1"
    }
  }

yarn manifest: 
  No manifest

Lockfile: 
  # THIS IS AN AUTOGENERATED FILE. DO NOT EDIT THIS FILE DIRECTLY.
  # yarn lockfile v1
  
  
  "@popperjs/core@^2.5.4":
    version "2.5.4"
    resolved "https://registry.yarnpkg.com/@popperjs/core/-/core-2.5.4.tgz#de25b5da9f727985a3757fd59b5d028aba75841a"
    integrity sha512-ZpKr+WTb8zsajqgDkvCEWgp6d5eJT6Q63Ng2neTbzBO76Lbe91vX/iVIW9dikq+Fs3yEo+ls4cxeXABD2LtcbQ==
  
  animate.css@^4.1.1:
    version "4.1.1"
    resolved "https://registry.yarnpkg.com/animate.css/-/animate.css-4.1.1.tgz#614ec5a81131d7e4dc362a58143f7406abd68075"
    integrity sha512-+mRmCTv6SbCmtYJCN4faJMNFVNN5EuCTTprDTAo7YzIGji2KADmakjVA3+8mVDkZ2Bf09vayB35lSQIex2+QaQ==
  
  bootstrap-icons@^1.2.1:
    version "1.2.1"
    resolved "https://registry.yarnpkg.com/bootstrap-icons/-/bootstrap-icons-1.2.1.tgz#20eac9ec348744edc8b9e184a0f7057d1430f609"
    integrity sha512-c63G57gFN9Yz1Dmi1RRpBd+cm/Lil31nRsnYxX8VeC/2wTk1Z54OU4twyLAVpgj2lX2lyHx0M8+xhEdkr79RAg==
  
  bootstrap@^5.0.0-beta2:
    version "5.0.0-beta2"
    resolved "https://registry.yarnpkg.com/bootstrap/-/bootstrap-5.0.0-beta2.tgz#ab1504a12807fa58e5e41408e35fcea42461e84b"
    integrity sha512-e+uPbPHqTQWKyCX435uVlOmgH9tUt0xtjvyOC7knhKgOS643BrQKuTo+KecGpPV7qlmOyZgCfaM4xxPWtDEN/g==
  
  jquery@^3.5.1:
    version "3.5.1"
    resolved "https://registry.yarnpkg.com/jquery/-/jquery-3.5.1.tgz#d7b4d08e1bfdb86ad2f1a3d039ea17304717abb5"
    integrity sha512-XwIBPqcMn57FxfT+Go5pzySnm4KWkT1Tv7gjrpT1srtf8Weynl6R273VJ5GjkRb51IzMp5nbaPjJXMWeju2MKg==
  
  normalize.css@^8.0.1:
    version "8.0.1"
    resolved "https://registry.yarnpkg.com/normalize.css/-/normalize.css-8.0.1.tgz#9b98a208738b9cc2634caacbc42d131c97487bf3"
    integrity sha512-qizSNPO93t1YUuUhP22btGOo3chcvDFqFaj2TRybP0DMxkHOCTYwp3n34fel4a31ORXy4m1Xq0Gyqpb5m33qIg==
